New log file opened at Sat Dec 17 15:06:53 NZDT 2016 by 1529@Harikas-MacBook-Pro.local
Taking next connection to: 53170
New client attempting to connect on port: 53171-53170
  Address = /192.168.0.14:53170
This client on port 53171 has uuid 7ef17266-1da1-4a2b-8dbc-146572e00d46 configName activator humanReadableName Activator protocolVersion 3 featureTags Vector()
Connected Clients: activator-7ef17266-1da1-4a2b-8dbc-146572e00d46
Taking next connection to: 53170
New client attempting to connect on port: 53178-53170
  Address = /192.168.0.14:53170
Handshake exception on socket: 53178
sbt.impl.ipc.HandshakeException: Unable to perform handshake
	at sbt.impl.ipc.Peer.handshake(IPC.scala:46)
	at sbt.impl.ipc.MultiClientServer.<init>(IPC.scala:150)
	at sbt.server.SbtServerSocketHandler$$anon$1.run(SbtServerSocketHandler.scala:43)
Caused by: java.io.EOFException
	at java.io.DataInputStream.readInt(DataInputStream.java:392)
	at sbt.impl.ipc.Peer.receive(IPC.scala:95)
	at sbt.impl.ipc.Peer.handshake(IPC.scala:49)
	... 2 more
Taking next connection to: 53170
New client attempting to connect on port: 53181-53170
  Address = /192.168.0.14:53170
This client on port 53181 has uuid b3609e42-3983-4937-9500-8c2fc34813b4 configName activator humanReadableName Activator protocolVersion 3 featureTags Vector()
Connected Clients: activator-b3609e42-3983-4937-9500-8c2fc34813b4
Taking next connection to: 53170
Checking to see if clients are empty...
We have 1 non-daemon clients, continuing serving connections.
Taking next connection to: 53170
Checking to see if clients are empty...
We have 1 non-daemon clients, continuing serving connections.
Taking next connection to: 53170
Checking to see if clients are empty...
We have 1 non-daemon clients, continuing serving connections.
Taking next connection to: 53170
Checking to see if clients are empty...
We have 1 non-daemon clients, continuing serving connections.
Taking next connection to: 53170
Checking to see if clients are empty...
We have 1 non-daemon clients, continuing serving connections.
Taking next connection to: 53170
Checking to see if clients are empty...
No non-daemon clients connected after 3 min. Shutting down.
Server socket thread exiting.
0 clients open, will close them...
All client sockets have been closed.
Closing the 1529@Harikas-MacBook-Pro.local logs at Sat Dec 17 15:25:44 NZDT 2016, goodbye.
